This is pdfTeX, Version 3.141592653-2.6-1.40.24 (TeX Live 2022) (preloaded format=pdflatex 2023.2.3)  22 MAR 2023 12:47
entering extended mode
 restricted \write18 enabled.
 file:line:error style messages enabled.
 %&-line parsing enabled.
**d:/Projects/LaTeX/test/acm-report.tex
(d:/Projects/LaTeX/test/acm-report.tex
LaTeX2e <2022-11-01> patch level 1
L3 programming layer <2023-02-01> (d:/texlive/2022/texmf-dist/tex/latex/base/report.cls
Document Class: report 2022/07/02 v1.4n Standard LaTeX document class
(d:/texlive/2022/texmf-dist/tex/latex/base/size10.clo
File: size10.clo 2022/07/02 v1.4n Standard LaTeX file (size option)
)
\c@part=\count185
\c@chapter=\count186
\c@section=\count187
\c@subsection=\count188
\c@subsubsection=\count189
\c@paragraph=\count190
\c@subparagraph=\count191
\c@figure=\count192
\c@table=\count193
\abovecaptionskip=\skip48
\belowcaptionskip=\skip49
\bibindent=\dimen140
) (d:/texlive/2022/texmf-dist/tex/latex/geometry/geometry.sty
Package: geometry 2020/01/02 v5.9 Page Geometry
 (d:/texlive/2022/texmf-dist/tex/latex/graphics/keyval.sty
Package: keyval 2022/05/29 v1.15 key=value parser (DPC)
\KV@toks@=\toks16
) (d:/texlive/2022/texmf-dist/tex/generic/iftex/ifvtex.sty
Package: ifvtex 2019/10/25 v1.7 ifvtex legacy package. Use iftex instead.
 (d:/texlive/2022/texmf-dist/tex/generic/iftex/iftex.sty
Package: iftex 2022/02/03 v1.0f TeX engine tests
))
\Gm@cnth=\count194
\Gm@cntv=\count195
\c@Gm@tempcnt=\count196
\Gm@bindingoffset=\dimen141
\Gm@wd@mp=\dimen142
\Gm@odd@mp=\dimen143
\Gm@even@mp=\dimen144
\Gm@layoutwidth=\dimen145
\Gm@layoutheight=\dimen146
\Gm@layouthoffset=\dimen147
\Gm@layoutvoffset=\dimen148
\Gm@dimlist=\toks17
) (d:/texlive/2022/texmf-dist/tex/latex/tools/array.sty
Package: array 2022/09/04 v2.5g Tabular extension package (FMi)
\col@sep=\dimen149
\ar@mcellbox=\box51
\extrarowheight=\dimen150
\NC@list=\toks18
\extratabsurround=\skip50
\backup@length=\skip51
\ar@cellbox=\box52
) (d:/texlive/2022/texmf-dist/tex/latex/base/inputenc.sty
Package: inputenc 2021/02/14 v1.3d Input encoding file
\inpenc@prehook=\toks19
\inpenc@posthook=\toks20
) (d:/texlive/2022/texmf-dist/tex/latex/booktabs/booktabs.sty
Package: booktabs 2020/01/12 v1.61803398 Publication quality tables
\heavyrulewidth=\dimen151
\lightrulewidth=\dimen152
\cmidrulewidth=\dimen153
\belowrulesep=\dimen154
\belowbottomsep=\dimen155
\aboverulesep=\dimen156
\abovetopsep=\dimen157
\cmidrulesep=\dimen158
\cmidrulekern=\dimen159
\defaultaddspace=\dimen160
\@cmidla=\count197
\@cmidlb=\count198
\@aboverulesep=\dimen161
\@belowrulesep=\dimen162
\@thisruleclass=\count199
\@lastruleclass=\count266
\@thisrulewidth=\dimen163
) (d:/texlive/2022/texmf-dist/tex/latex/tools/longtable.sty
Package: longtable 2021-09-01 v4.17 Multi-page Table package (DPC)
\LTleft=\skip52
\LTright=\skip53
\LTpre=\skip54
\LTpost=\skip55
\LTchunksize=\count267
\LTcapwidth=\dimen164
\LT@head=\box53
\LT@firsthead=\box54
\LT@foot=\box55
\LT@lastfoot=\box56
\LT@gbox=\box57
\LT@cols=\count268
\LT@rows=\count269
\c@LT@tables=\count270
\c@LT@chunks=\count271
\LT@p@ftn=\toks21
) (d:/texlive/2022/texmf-dist/tex/latex/enumitem/enumitem.sty
Package: enumitem 2019/06/20 v3.9 Customized lists
\labelindent=\skip56
\enit@outerparindent=\dimen165
\enit@toks=\toks22
\enit@inbox=\box58
\enit@count@id=\count272
\enitdp@description=\count273
) (d:/texlive/2022/texmf-dist/tex/latex/l3backend/l3backend-pdftex.def
File: l3backend-pdftex.def 2023-01-16 L3 backend support: PDF output (pdfTeX)
\l__color_backend_stack_int=\count274
\l__pdf_internal_box=\box59
) (./acm-report.aux)
\openout1 = `acm-report.aux'.

LaTeX Font Info:    Checking defaults for OML/cmm/m/it on input line 17.
LaTeX Font Info:    ... okay on input line 17.
LaTeX Font Info:    Checking defaults for OMS/cmsy/m/n on input line 17.
LaTeX Font Info:    ... okay on input line 17.
LaTeX Font Info:    Checking defaults for OT1/cmr/m/n on input line 17.
LaTeX Font Info:    ... okay on input line 17.
LaTeX Font Info:    Checking defaults for T1/cmr/m/n on input line 17.
LaTeX Font Info:    ... okay on input line 17.
LaTeX Font Info:    Checking defaults for TS1/cmr/m/n on input line 17.
LaTeX Font Info:    ... okay on input line 17.
LaTeX Font Info:    Checking defaults for OMX/cmex/m/n on input line 17.
LaTeX Font Info:    ... okay on input line 17.
LaTeX Font Info:    Checking defaults for U/cmr/m/n on input line 17.
LaTeX Font Info:    ... okay on input line 17.

*geometry* driver: auto-detecting
*geometry* detected driver: pdftex
*geometry* verbose mode - [ preamble ] result:
* driver: pdftex
* paper: <default>
* layout: <same size as paper>
* layoutoffset:(h,v)=(0.0pt,0.0pt)
* modes: 
* h-part:(L,W,R)=(86.72377pt, 440.84746pt, 86.72377pt)
* v-part:(T,H,B)=(72.26999pt, 635.97623pt, 86.72377pt)
* \paperwidth=614.295pt
* \paperheight=794.96999pt
* \textwidth=440.84746pt
* \textheight=635.97623pt
* \oddsidemargin=14.45378pt
* \evensidemargin=14.45378pt
* \topmargin=-37.0pt
* \headheight=12.0pt
* \headsep=25.0pt
* \topskip=10.0pt
* \footskip=30.0pt
* \marginparwidth=65.0pt
* \marginparsep=11.0pt
* \columnsep=10.0pt
* \skip\footins=9.0pt plus 4.0pt minus 2.0pt
* \hoffset=0.0pt
* \voffset=0.0pt
* \mag=1000
* \@twocolumnfalse
* \@twosidefalse
* \@mparswitchfalse
* \@reversemarginfalse
* (1in=72.27pt=25.4mm, 1cm=28.453pt)

LaTeX Font Info:    External font `cmex10' loaded for size
(Font)              <12> on input line 18.
LaTeX Font Info:    External font `cmex10' loaded for size
(Font)              <8> on input line 18.
LaTeX Font Info:    External font `cmex10' loaded for size
(Font)              <6> on input line 18.
[1

{d:/texlive/2022/texmf-var/fonts/map/pdftex/updmap/pdftex.map}] (./acm-report.toc
LaTeX Font Info:    External font `cmex10' loaded for size
(Font)              <7> on input line 1.
LaTeX Font Info:    External font `cmex10' loaded for size
(Font)              <5> on input line 1.
)
\tf@toc=\write3
\openout3 = `acm-report.toc'.

 [1

] [2]
Chapter 1.
(./product-specificaties.tex (./Product specificaties/introductie-requirements.tex) (./Product specificaties/product-specificaties.tex [3

])
Overfull \hbox (11.26448pt too wide) in alignment at lines 11--15
 [] [] 
 []


Overfull \hbox (11.26448pt too wide) in alignment at lines 15--39
 [] [] 
 []

[4]
Overfull \hbox (73.40347pt too wide) in alignment at lines 45--49
 [] [] 
 []


Overfull \hbox (73.40347pt too wide) in alignment at lines 49--112
 [] [] 
 []

[5]
Overfull \hbox (2.76125pt too wide) in paragraph at lines 120--120
[]|\OT1/cmr/m/n/10 Requirements| 
 []


Underfull \hbox (badness 3291) in paragraph at lines 132--133
[]\OT1/cmr/m/n/10 Onderzoek en se-lecteer de
 []


Underfull \hbox (badness 5607) in paragraph at lines 139--140
[]\OT1/cmr/m/n/10 Ontwikkel al-go-rit-men voor
 []


Underfull \hbox (badness 1057) in paragraph at lines 140--141
[]\OT1/cmr/m/n/10 Test en valideer het ri-j-den
 []


Underfull \hbox (badness 7740) in paragraph at lines 144--144
[]|\OT1/cmr/m/n/10 ACM kan bin-nen vijf
 []


Underfull \hbox (badness 1178) in paragraph at lines 144--144
\OT1/cmr/m/n/10 minuten con-tain-ers naar
 []


Underfull \hbox (badness 1460) in paragraph at lines 167--168
[]\OT1/cmr/m/n/10 Selecteer geschikte sen-soren
 []


Underfull \hbox (badness 4072) in paragraph at lines 170--171
\OT1/cmr/m/n/10 trouw-baarheid van de ob-
 []


Underfull \hbox (badness 10000) in paragraph at lines 176--177
[]\OT1/cmr/m/n/10 Integreer rand-de-tec-tiesen-
 []


Underfull \hbox (badness 10000) in paragraph at lines 184--185
[]\OT1/cmr/m/n/10 Ontwerp een mech-a-nisme
 []


Underfull \hbox (badness 10000) in paragraph at lines 184--185
\OT1/cmr/m/n/10 voor het vasthouden en
 []


Underfull \hbox (badness 10000) in paragraph at lines 189--189
[]|\OT1/cmr/m/n/10 ACM kan mag-netis-che
 []


Underfull \hbox (badness 4967) in paragraph at lines 189--189
\OT1/cmr/m/n/10 strepen op het ter-rein
 []


Underfull \hbox (badness 10000) in paragraph at lines 189--189
\OT1/cmr/m/n/10 de-tecteren als herken-
 []


Underfull \hbox (badness 10000) in paragraph at lines 189--189
[]|\OT1/cmr/m/n/10 Magnetische
 []


Underfull \hbox (badness 10000) in paragraph at lines 191--192
[]\OT1/cmr/m/n/10 Integreer mag-netis-che
 []


Underfull \hbox (badness 6758) in paragraph at lines 191--192
\OT1/cmr/m/n/10 streepsen-soren in het on-
 []


Underfull \hbox (badness 2065) in paragraph at lines 193--194
[]\OT1/cmr/m/n/10 Valideer de nauwkeurigheid
 []


Underfull \hbox (badness 1009) in paragraph at lines 193--194
\OT1/cmr/m/n/10 en be-trouw-baarheid van de
 []


Underfull \hbox (badness 10000) in paragraph at lines 199--200
[]\OT1/cmr/m/n/10 Implementeer al-go-rit-men
 []


Underfull \hbox (badness 2334) in paragraph at lines 207--208
\OT1/cmr/m/n/10 het op af-s-tand starten en
 []


Underfull \hbox (badness 4266) in paragraph at lines 214--215
[]\OT1/cmr/m/n/10 Implementeer een in-ter-face
 []


Underfull \hbox (badness 7203) in paragraph at lines 215--216
\OT1/cmr/m/n/10 aliteit en be-trouw-baarheid
 []


Underfull \hbox (badness 10000) in paragraph at lines 219--219
[]|\OT1/cmr/m/n/10 ACM moet con-tain-ers
 []


Underfull \hbox (badness 10000) in paragraph at lines 219--219
[]|\OT1/cmr/m/n/10 Containertransport
 []


Underfull \hbox (badness 10000) in paragraph at lines 226--226
[]|\OT1/cmr/m/n/10 Controller moet een
 []


Underfull \hbox (badness 10000) in paragraph at lines 226--226
[]|\OT1/cmr/m/n/10 Controller hard-
 []


Underfull \hbox (badness 10000) in paragraph at lines 228--229
[]\OT1/cmr/m/n/10 Integreer de ESP32 of
 []


Underfull \hbox (badness 1852) in paragraph at lines 229--230
[]\OT1/cmr/m/n/10 Ontwikkel en test soft-ware
 []


Underfull \hbox (badness 1735) in paragraph at lines 233--233
[]|\OT1/cmr/m/n/10 Software van een ACM
 []


Overfull \hbox (5.25305pt too wide) in paragraph at lines 233--233
[]|\OT1/cmr/m/n/10 Softwarebeperkingen| 
 []


Underfull \hbox (badness 10000) in paragraph at lines 235--236
[]\OT1/cmr/m/n/10 Ontwikkel alle ben-odigde
 []


Underfull \hbox (badness 1009) in paragraph at lines 236--237
\OT1/cmr/m/n/10 en be-trouw-baarheid van de
 []


Underfull \hbox (badness 5403) in paragraph at lines 240--240
[]|\OT1/cmr/m/n/10 De verbind-ing met de
 []


Underfull \hbox (badness 10000) in paragraph at lines 242--243
[]\OT1/cmr/m/n/10 Integreer WIFI-
 []


Underfull \hbox (badness 1852) in paragraph at lines 243--244
[]\OT1/cmr/m/n/10 Ontwikkel en test soft-ware
 []

[6] [7] [8]) [9]
Chapter 2.
(./Testen.tex (./Testen/Accu.tex [10

]) (./Testen/lijnen.tex) [11] (./Testen/tunnel.tex) (./Testen/heuvels.tex [12]) (./Testen/obstakels.tex [13]) (./Testen/val.tex [14]) (./Testen/kade.tex) (./Testen/containers.tex [15]) (./Testen/magneten.tex [16]) (./Testen/tijd.tex [17]) [18] (./Testen/testrapport.tex
Underfull \hbox (badness 1038) in paragraph at lines 9--9
\OT1/cmr/m/n/10 ko-ers zo aan-passen dat het
 []


Underfull \hbox (badness 1189) in paragraph at lines 11--11
\OT1/cmr/m/n/10 heen moeten gaan ongeacht
 []


Underfull \hbox (badness 1112) in paragraph at lines 15--15
\OT1/cmr/m/n/10 stakel moeten ri-j-den en als
 []


Underfull \hbox (badness 2547) in paragraph at lines 19--19
[]|\OT1/cmr/m/n/10 7. De ACM kan bij de
 []

)) [19]
Chapter 3.
(./design.tex (./Design/introductie-design.tex) (./Design/v1.tex)) [20

]
Chapter 4.
[21

]
Chapter 5.
[22

] (./acm-report.aux) ) 
Here is how much of TeX's memory you used:
 1810 strings out of 476066
 31143 string characters out of 5795025
 1890340 words of memory out of 5000000
 22196 multiletter control sequences out of 15000+600000
 518089 words of font info for 51 fonts, out of 8000000 for 9000
 1141 hyphenation exceptions out of 8191
 57i,8n,62p,1044b,256s stack positions out of 10000i,1000n,20000p,200000b,200000s
{d:/texlive/2022/texmf-dist/fonts/enc/dvips/cm-super/cm-super-ts1.enc}<d:/texlive/2022/texmf-dist/fonts/type1/public/amsfonts/cm/cmbx10.pfb><d:/texlive/2022/texmf-dist/fonts/type1/public/amsfonts/cm/cmbx12.pfb><d:/texlive/2022/texmf-dist/fonts/type1/public/amsfonts/cm/cmr10.pfb><d:/texlive/2022/texmf-dist/fonts/type1/public/amsfonts/cm/cmr12.pfb><d:/texlive/2022/texmf-dist/fonts/type1/public/amsfonts/cm/cmr17.pfb><d:/texlive/2022/texmf-dist/fonts/type1/public/cm-super/sfrm1000.pfb>
Output written on acm-report.pdf (23 pages, 115614 bytes).
PDF statistics:
 109 PDF objects out of 1000 (max. 8388607)
 71 compressed objects within 1 object stream
 0 named destinations out of 1000 (max. 500000)
 1 words of extra memory for PDF output out of 10000 (max. 10000000)

